2025-08-29 18:20:24,969 [Worker-7: Loading available Gradle versions] INFO  o.e.b.c.i.u.g.PublishedGradleVersions - Gradle version information cache is out-of-date. Trying to update.
2025-08-30 00:31:15,725 [Worker-5: Loading available Gradle versions] INFO  o.e.b.c.i.u.g.PublishedGradleVersions - Gradle version information cache is up-to-date. Trying to read.
2025-08-30 00:33:21,755 [ModalContext] INFO  o.e.m.c.i.e.AbstractTransferListenerAdapter - Downloading https://repo.maven.apache.org/maven2/org/apache/maven/archetypes/maven-archetype-quickstart/1.1/maven-archetype-quickstart-1.1.pom
2025-08-30 00:33:21,851 [ModalContext] INFO  o.e.m.c.i.e.AbstractTransferListenerAdapter - Downloaded https://repo.maven.apache.org/maven2/org/apache/maven/archetypes/maven-archetype-quickstart/1.1/maven-archetype-quickstart-1.1.pom
2025-08-30 00:33:21,898 [ModalContext] INFO  o.e.m.c.i.e.AbstractTransferListenerAdapter - Downloading https://repo.maven.apache.org/maven2/org/apache/maven/archetypes/maven-archetype-bundles/4/maven-archetype-bundles-4.pom
2025-08-30 00:33:21,950 [ModalContext] INFO  o.e.m.c.i.e.AbstractTransferListenerAdapter - Downloaded https://repo.maven.apache.org/maven2/org/apache/maven/archetypes/maven-archetype-bundles/4/maven-archetype-bundles-4.pom
2025-08-30 00:33:21,970 [ModalContext] INFO  o.e.m.c.i.e.AbstractTransferListenerAdapter - Downloading https://repo.maven.apache.org/maven2/org/apache/maven/archetype/maven-archetype/2.0-alpha-5/maven-archetype-2.0-alpha-5.pom
2025-08-30 00:33:22,047 [ModalContext] INFO  o.e.m.c.i.e.AbstractTransferListenerAdapter - Downloaded https://repo.maven.apache.org/maven2/org/apache/maven/archetype/maven-archetype/2.0-alpha-5/maven-archetype-2.0-alpha-5.pom
2025-08-30 00:33:22,149 [ModalContext] INFO  o.e.m.c.i.e.AbstractTransferListenerAdapter - Downloading https://repo.maven.apache.org/maven2/org/apache/maven/archetypes/maven-archetype-quickstart/1.1/maven-archetype-quickstart-1.1.jar
2025-08-30 00:33:22,269 [ModalContext] INFO  o.e.m.c.i.e.AbstractTransferListenerAdapter - Downloaded https://repo.maven.apache.org/maven2/org/apache/maven/archetypes/maven-archetype-quickstart/1.1/maven-archetype-quickstart-1.1.jar
2025-08-30 00:33:56,135 [Worker-4: Launching mavenrun-2176ed64-541d-4077-a466-e23e1bcd1d29] INFO  o.eclipse.m2e.core.internal.Bundles - getClasspathEntries(Bundle=org.eclipse.m2e.maven.runtime_3.9.400.20230826-0755 [297])
2025-08-30 00:33:56,137 [Worker-4: Launching mavenrun-2176ed64-541d-4077-a466-e23e1bcd1d29] INFO  o.eclipse.m2e.core.internal.Bundles - 	Entry: C:\Users\Faraz Java\.p2\pool\plugins\org.eclipse.m2e.maven.runtime_3.9.400.20230826-0755
2025-08-30 00:33:56,138 [Worker-4: Launching mavenrun-2176ed64-541d-4077-a466-e23e1bcd1d29] INFO  o.eclipse.m2e.core.internal.Bundles - 	Entry: C:\Users\Faraz Java\.p2\pool\plugins\org.eclipse.m2e.maven.runtime_3.9.400.20230826-0755\jars\aether-connector-okhttp-0.17.8.jar
2025-08-30 00:33:56,138 [Worker-4: Launching mavenrun-2176ed64-541d-4077-a466-e23e1bcd1d29] INFO  o.eclipse.m2e.core.internal.Bundles - 	Entry: C:\Users\Faraz Java\.p2\pool\plugins\org.eclipse.m2e.maven.runtime_3.9.400.20230826-0755\jars\aopalliance-1.0.jar
2025-08-30 00:33:56,138 [Worker-4: Launching mavenrun-2176ed64-541d-4077-a466-e23e1bcd1d29] INFO  o.eclipse.m2e.core.internal.Bundles - 	Entry: C:\Users\Faraz Java\.p2\pool\plugins\org.eclipse.m2e.maven.runtime_3.9.400.20230826-0755\jars\commons-lang3-3.12.0.jar
2025-08-30 00:33:56,139 [Worker-4: Launching mavenrun-2176ed64-541d-4077-a466-e23e1bcd1d29] INFO  o.eclipse.m2e.core.internal.Bundles - 	Entry: C:\Users\Faraz Java\.p2\pool\plugins\org.eclipse.m2e.maven.runtime_3.9.400.20230826-0755\jars\guice-5.1.0.jar
2025-08-30 00:33:56,139 [Worker-4: Launching mavenrun-2176ed64-541d-4077-a466-e23e1bcd1d29] INFO  o.eclipse.m2e.core.internal.Bundles - 	Entry: C:\Users\Faraz Java\.p2\pool\plugins\org.eclipse.m2e.maven.runtime_3.9.400.20230826-0755\jars\jansi-2.4.0.jar
2025-08-30 00:33:56,139 [Worker-4: Launching mavenrun-2176ed64-541d-4077-a466-e23e1bcd1d29] INFO  o.eclipse.m2e.core.internal.Bundles - 	Entry: C:\Users\Faraz Java\.p2\pool\plugins\org.eclipse.m2e.maven.runtime_3.9.400.20230826-0755\jars\maven-artifact-3.9.4.jar
2025-08-30 00:33:56,139 [Worker-4: Launching mavenrun-2176ed64-541d-4077-a466-e23e1bcd1d29] INFO  o.eclipse.m2e.core.internal.Bundles - 	Entry: C:\Users\Faraz Java\.p2\pool\plugins\org.eclipse.m2e.maven.runtime_3.9.400.20230826-0755\jars\maven-builder-support-3.9.4.jar
2025-08-30 00:33:56,140 [Worker-4: Launching mavenrun-2176ed64-541d-4077-a466-e23e1bcd1d29] INFO  o.eclipse.m2e.core.internal.Bundles - 	Entry: C:\Users\Faraz Java\.p2\pool\plugins\org.eclipse.m2e.maven.runtime_3.9.400.20230826-0755\jars\maven-compat-3.9.4.jar
2025-08-30 00:33:56,140 [Worker-4: Launching mavenrun-2176ed64-541d-4077-a466-e23e1bcd1d29] INFO  o.eclipse.m2e.core.internal.Bundles - 	Entry: C:\Users\Faraz Java\.p2\pool\plugins\org.eclipse.m2e.maven.runtime_3.9.400.20230826-0755\jars\maven-core-3.9.4.jar
2025-08-30 00:33:56,141 [Worker-4: Launching mavenrun-2176ed64-541d-4077-a466-e23e1bcd1d29] INFO  o.eclipse.m2e.core.internal.Bundles - 	Entry: C:\Users\Faraz Java\.p2\pool\plugins\org.eclipse.m2e.maven.runtime_3.9.400.20230826-0755\jars\maven-embedder-3.9.4.jar
2025-08-30 00:33:56,141 [Worker-4: Launching mavenrun-2176ed64-541d-4077-a466-e23e1bcd1d29] INFO  o.eclipse.m2e.core.internal.Bundles - 	Entry: C:\Users\Faraz Java\.p2\pool\plugins\org.eclipse.m2e.maven.runtime_3.9.400.20230826-0755\jars\maven-model-3.9.4.jar
2025-08-30 00:33:56,142 [Worker-4: Launching mavenrun-2176ed64-541d-4077-a466-e23e1bcd1d29] INFO  o.eclipse.m2e.core.internal.Bundles - 	Entry: C:\Users\Faraz Java\.p2\pool\plugins\org.eclipse.m2e.maven.runtime_3.9.400.20230826-0755\jars\maven-model-builder-3.9.4.jar
2025-08-30 00:33:56,142 [Worker-4: Launching mavenrun-2176ed64-541d-4077-a466-e23e1bcd1d29] INFO  o.eclipse.m2e.core.internal.Bundles - 	Entry: C:\Users\Faraz Java\.p2\pool\plugins\org.eclipse.m2e.maven.runtime_3.9.400.20230826-0755\jars\maven-plugin-api-3.9.4.jar
2025-08-30 00:33:56,142 [Worker-4: Launching mavenrun-2176ed64-541d-4077-a466-e23e1bcd1d29] INFO  o.eclipse.m2e.core.internal.Bundles - 	Entry: C:\Users\Faraz Java\.p2\pool\plugins\org.eclipse.m2e.maven.runtime_3.9.400.20230826-0755\jars\maven-repository-metadata-3.9.4.jar
2025-08-30 00:33:56,143 [Worker-4: Launching mavenrun-2176ed64-541d-4077-a466-e23e1bcd1d29] INFO  o.eclipse.m2e.core.internal.Bundles - 	Entry: C:\Users\Faraz Java\.p2\pool\plugins\org.eclipse.m2e.maven.runtime_3.9.400.20230826-0755\jars\maven-resolver-api-1.9.14.jar
2025-08-30 00:33:56,143 [Worker-4: Launching mavenrun-2176ed64-541d-4077-a466-e23e1bcd1d29] INFO  o.eclipse.m2e.core.internal.Bundles - 	Entry: C:\Users\Faraz Java\.p2\pool\plugins\org.eclipse.m2e.maven.runtime_3.9.400.20230826-0755\jars\maven-resolver-connector-basic-1.9.14.jar
2025-08-30 00:33:56,143 [Worker-4: Launching mavenrun-2176ed64-541d-4077-a466-e23e1bcd1d29] INFO  o.eclipse.m2e.core.internal.Bundles - 	Entry: C:\Users\Faraz Java\.p2\pool\plugins\org.eclipse.m2e.maven.runtime_3.9.400.20230826-0755\jars\maven-resolver-impl-1.9.14.jar
2025-08-30 00:33:56,144 [Worker-4: Launching mavenrun-2176ed64-541d-4077-a466-e23e1bcd1d29] INFO  o.eclipse.m2e.core.internal.Bundles - 	Entry: C:\Users\Faraz Java\.p2\pool\plugins\org.eclipse.m2e.maven.runtime_3.9.400.20230826-0755\jars\maven-resolver-named-locks-1.9.14.jar
2025-08-30 00:33:56,144 [Worker-4: Launching mavenrun-2176ed64-541d-4077-a466-e23e1bcd1d29] INFO  o.eclipse.m2e.core.internal.Bundles - 	Entry: C:\Users\Faraz Java\.p2\pool\plugins\org.eclipse.m2e.maven.runtime_3.9.400.20230826-0755\jars\maven-resolver-provider-3.9.4.jar
2025-08-30 00:33:56,144 [Worker-4: Launching mavenrun-2176ed64-541d-4077-a466-e23e1bcd1d29] INFO  o.eclipse.m2e.core.internal.Bundles - 	Entry: C:\Users\Faraz Java\.p2\pool\plugins\org.eclipse.m2e.maven.runtime_3.9.400.20230826-0755\jars\maven-resolver-spi-1.9.14.jar
2025-08-30 00:33:56,145 [Worker-4: Launching mavenrun-2176ed64-541d-4077-a466-e23e1bcd1d29] INFO  o.eclipse.m2e.core.internal.Bundles - 	Entry: C:\Users\Faraz Java\.p2\pool\plugins\org.eclipse.m2e.maven.runtime_3.9.400.20230826-0755\jars\maven-resolver-transport-wagon-1.9.14.jar
2025-08-30 00:33:56,145 [Worker-4: Launching mavenrun-2176ed64-541d-4077-a466-e23e1bcd1d29] INFO  o.eclipse.m2e.core.internal.Bundles - 	Entry: C:\Users\Faraz Java\.p2\pool\plugins\org.eclipse.m2e.maven.runtime_3.9.400.20230826-0755\jars\maven-resolver-util-1.9.14.jar
2025-08-30 00:33:56,145 [Worker-4: Launching mavenrun-2176ed64-541d-4077-a466-e23e1bcd1d29] INFO  o.eclipse.m2e.core.internal.Bundles - 	Entry: C:\Users\Faraz Java\.p2\pool\plugins\org.eclipse.m2e.maven.runtime_3.9.400.20230826-0755\jars\maven-settings-3.9.4.jar
2025-08-30 00:33:56,148 [Worker-4: Launching mavenrun-2176ed64-541d-4077-a466-e23e1bcd1d29] INFO  o.eclipse.m2e.core.internal.Bundles - 	Entry: C:\Users\Faraz Java\.p2\pool\plugins\org.eclipse.m2e.maven.runtime_3.9.400.20230826-0755\jars\maven-settings-builder-3.9.4.jar
2025-08-30 00:33:56,148 [Worker-4: Launching mavenrun-2176ed64-541d-4077-a466-e23e1bcd1d29] INFO  o.eclipse.m2e.core.internal.Bundles - 	Entry: C:\Users\Faraz Java\.p2\pool\plugins\org.eclipse.m2e.maven.runtime_3.9.400.20230826-0755\jars\maven-shared-utils-3.3.4.jar
2025-08-30 00:33:56,148 [Worker-4: Launching mavenrun-2176ed64-541d-4077-a466-e23e1bcd1d29] INFO  o.eclipse.m2e.core.internal.Bundles - 	Entry: C:\Users\Faraz Java\.p2\pool\plugins\org.eclipse.m2e.maven.runtime_3.9.400.20230826-0755\jars\okhttp-3.14.1.jar
2025-08-30 00:33:56,149 [Worker-4: Launching mavenrun-2176ed64-541d-4077-a466-e23e1bcd1d29] INFO  o.eclipse.m2e.core.internal.Bundles - 	Entry: C:\Users\Faraz Java\.p2\pool\plugins\org.eclipse.m2e.maven.runtime_3.9.400.20230826-0755\jars\okio-1.17.3.jar
2025-08-30 00:33:56,149 [Worker-4: Launching mavenrun-2176ed64-541d-4077-a466-e23e1bcd1d29] INFO  o.eclipse.m2e.core.internal.Bundles - 	Entry: C:\Users\Faraz Java\.p2\pool\plugins\org.eclipse.m2e.maven.runtime_3.9.400.20230826-0755\jars\org.eclipse.sisu.inject-0.3.5.jar
2025-08-30 00:33:56,149 [Worker-4: Launching mavenrun-2176ed64-541d-4077-a466-e23e1bcd1d29] INFO  o.eclipse.m2e.core.internal.Bundles - 	Entry: C:\Users\Faraz Java\.p2\pool\plugins\org.eclipse.m2e.maven.runtime_3.9.400.20230826-0755\jars\org.eclipse.sisu.plexus-0.3.5.jar
2025-08-30 00:33:56,150 [Worker-4: Launching mavenrun-2176ed64-541d-4077-a466-e23e1bcd1d29] INFO  o.eclipse.m2e.core.internal.Bundles - 	Entry: C:\Users\Faraz Java\.p2\pool\plugins\org.eclipse.m2e.maven.runtime_3.9.400.20230826-0755\jars\plexus-build-api-0.0.7.jar
2025-08-30 00:33:56,150 [Worker-4: Launching mavenrun-2176ed64-541d-4077-a466-e23e1bcd1d29] INFO  o.eclipse.m2e.core.internal.Bundles - 	Entry: C:\Users\Faraz Java\.p2\pool\plugins\org.eclipse.m2e.maven.runtime_3.9.400.20230826-0755\jars\plexus-cipher-2.0.jar
2025-08-30 00:33:56,151 [Worker-4: Launching mavenrun-2176ed64-541d-4077-a466-e23e1bcd1d29] INFO  o.eclipse.m2e.core.internal.Bundles - 	Entry: C:\Users\Faraz Java\.p2\pool\plugins\org.eclipse.m2e.maven.runtime_3.9.400.20230826-0755\jars\plexus-classworlds-2.7.0.jar
2025-08-30 00:33:56,151 [Worker-4: Launching mavenrun-2176ed64-541d-4077-a466-e23e1bcd1d29] INFO  o.eclipse.m2e.core.internal.Bundles - 	Entry: C:\Users\Faraz Java\.p2\pool\plugins\org.eclipse.m2e.maven.runtime_3.9.400.20230826-0755\jars\plexus-component-annotations-2.1.0.jar
2025-08-30 00:33:56,151 [Worker-4: Launching mavenrun-2176ed64-541d-4077-a466-e23e1bcd1d29] INFO  o.eclipse.m2e.core.internal.Bundles - 	Entry: C:\Users\Faraz Java\.p2\pool\plugins\org.eclipse.m2e.maven.runtime_3.9.400.20230826-0755\jars\plexus-interpolation-1.26.jar
2025-08-30 00:33:56,152 [Worker-4: Launching mavenrun-2176ed64-541d-4077-a466-e23e1bcd1d29] INFO  o.eclipse.m2e.core.internal.Bundles - 	Entry: C:\Users\Faraz Java\.p2\pool\plugins\org.eclipse.m2e.maven.runtime_3.9.400.20230826-0755\jars\plexus-sec-dispatcher-2.0.jar
2025-08-30 00:33:56,152 [Worker-4: Launching mavenrun-2176ed64-541d-4077-a466-e23e1bcd1d29] INFO  o.eclipse.m2e.core.internal.Bundles - 	Entry: C:\Users\Faraz Java\.p2\pool\plugins\org.eclipse.m2e.maven.runtime_3.9.400.20230826-0755\jars\plexus-utils-3.5.1.jar
2025-08-30 00:33:56,157 [Worker-4: Launching mavenrun-2176ed64-541d-4077-a466-e23e1bcd1d29] INFO  o.eclipse.m2e.core.internal.Bundles - 	Entry: C:\Users\Faraz Java\.p2\pool\plugins\org.eclipse.m2e.maven.runtime_3.9.400.20230826-0755\jars\wagon-file-3.5.3.jar
2025-08-30 00:33:56,157 [Worker-4: Launching mavenrun-2176ed64-541d-4077-a466-e23e1bcd1d29] INFO  o.eclipse.m2e.core.internal.Bundles - 	Entry: C:\Users\Faraz Java\.p2\pool\plugins\org.eclipse.m2e.maven.runtime_3.9.400.20230826-0755\jars\wagon-provider-api-3.5.3.jar
2025-08-30 00:33:56,160 [Worker-4: Launching mavenrun-2176ed64-541d-4077-a466-e23e1bcd1d29] INFO  o.eclipse.m2e.core.internal.Bundles - getClasspathEntries(Bundle=com.google.guava_32.1.2.jre [10])
2025-08-30 00:33:56,161 [Worker-4: Launching mavenrun-2176ed64-541d-4077-a466-e23e1bcd1d29] INFO  o.eclipse.m2e.core.internal.Bundles - 	Entry: C:\Users\Faraz Java\.p2\pool\plugins\com.google.guava_32.1.2.jre.jar
2025-08-30 00:33:56,161 [Worker-4: Launching mavenrun-2176ed64-541d-4077-a466-e23e1bcd1d29] INFO  o.eclipse.m2e.core.internal.Bundles - getClasspathEntries(Bundle=slf4j.api_2.0.9 [518])
2025-08-30 00:33:56,162 [Worker-4: Launching mavenrun-2176ed64-541d-4077-a466-e23e1bcd1d29] INFO  o.eclipse.m2e.core.internal.Bundles - 	Entry: C:\Users\Faraz Java\.p2\pool\plugins\slf4j.api_2.0.9.jar
2025-08-30 00:33:56,163 [Worker-4: Launching mavenrun-2176ed64-541d-4077-a466-e23e1bcd1d29] INFO  o.eclipse.m2e.core.internal.Bundles - getClasspathEntries(Bundle=javax.inject_1.0.0.v20220405-0441 [26])
2025-08-30 00:33:56,163 [Worker-4: Launching mavenrun-2176ed64-541d-4077-a466-e23e1bcd1d29] INFO  o.eclipse.m2e.core.internal.Bundles - 	Entry: C:\Users\Faraz Java\.p2\pool\plugins\javax.inject_1.0.0.v20220405-0441.jar
2025-08-30 00:33:56,164 [Worker-4: Launching mavenrun-2176ed64-541d-4077-a466-e23e1bcd1d29] INFO  o.eclipse.m2e.core.internal.Bundles - getClasspathEntries(Bundle=javax.annotation_1.3.5.v20200909-1856 [24])
2025-08-30 00:33:56,164 [Worker-4: Launching mavenrun-2176ed64-541d-4077-a466-e23e1bcd1d29] INFO  o.eclipse.m2e.core.internal.Bundles - 	Entry: C:\Users\Faraz Java\.p2\pool\plugins\javax.annotation_1.3.5.v20200909-1856.jar
2025-08-30 00:33:56,165 [Worker-4: Launching mavenrun-2176ed64-541d-4077-a466-e23e1bcd1d29] INFO  o.eclipse.m2e.core.internal.Bundles - getClasspathEntries(Bundle=org.apache.commons.cli_1.5.0 [49])
2025-08-30 00:33:56,165 [Worker-4: Launching mavenrun-2176ed64-541d-4077-a466-e23e1bcd1d29] INFO  o.eclipse.m2e.core.internal.Bundles - 	Entry: C:\Users\Faraz Java\.p2\pool\plugins\org.apache.commons.cli_1.5.0.jar
2025-08-30 00:33:56,165 [Worker-4: Launching mavenrun-2176ed64-541d-4077-a466-e23e1bcd1d29] INFO  o.eclipse.m2e.core.internal.Bundles - getClasspathEntries(Bundle=com.google.guava.failureaccess_1.0.1 [12])
2025-08-30 00:33:56,166 [Worker-4: Launching mavenrun-2176ed64-541d-4077-a466-e23e1bcd1d29] INFO  o.eclipse.m2e.core.internal.Bundles - 	Entry: C:\Users\Faraz Java\.p2\pool\plugins\com.google.guava.failureaccess_1.0.1.jar
2025-08-30 00:33:56,210 [Worker-4: Launching mavenrun-2176ed64-541d-4077-a466-e23e1bcd1d29] INFO  o.e.m.i.launch.MavenLaunchDelegate - Run build in "C:\Users\FARAZJ~1\AppData\Local\Temp\m2e-archetypeGenerator4991609466935464660":
2025-08-30 00:33:56,218 [Worker-4: Launching mavenrun-2176ed64-541d-4077-a466-e23e1bcd1d29] INFO  o.e.m.i.launch.MavenLaunchDelegate -  mvn  -DarchetypeGroupId=org.apache.maven.archetypes -DarchetypeArtifactId=maven-archetype-quickstart -DarchetypeVersion=1.1 -DgroupId=com.example.kafka -DartifactId=kafka-faraz -Dversion=0.0.1-SNAPSHOT -Dpackage=com.example.kafka.kafka_faraz -DoutputDirectory="C:\Users\Faraz Java\Documents\Kafka_Project" -Dstyle.color=always -U archetype:generate
2025-08-30 00:35:06,576 [Worker-13: Creating maven-archetype-quickstart] INFO  o.e.m.c.i.p.ProjectConfigurationManager - Collecting project info '/pom.xml' C:\Users\Faraz Java\Documents\Kafka_Project\kafka-faraz\pom.xml
2025-08-30 00:35:07,777 [Worker-13: Creating maven-archetype-quickstart] INFO  o.e.m.c.i.e.AbstractTransferListenerAdapter - Downloading https://repo.maven.apache.org/maven2/org/apache/maven/plugins/maven-surefire-plugin/3.1.2/maven-surefire-plugin-3.1.2.jar
2025-08-30 00:35:07,965 [Worker-13: Creating maven-archetype-quickstart] INFO  o.e.m.c.i.e.AbstractTransferListenerAdapter - Downloaded https://repo.maven.apache.org/maven2/org/apache/maven/plugins/maven-surefire-plugin/3.1.2/maven-surefire-plugin-3.1.2.jar
2025-08-30 00:35:10,917 [Worker-13: Creating maven-archetype-quickstart] INFO  o.e.m.c.i.l.LifecycleMappingFactory - Using org.eclipse.m2e.jdt.JarLifecycleMapping lifecycle mapping for MavenProject: com.example.kafka:kafka-faraz:0.0.1-SNAPSHOT @ C:\Users\Faraz Java\Documents\Kafka_Project\kafka-faraz\pom.xml.
2025-08-30 00:35:10,995 [Worker-13: Creating maven-archetype-quickstart] INFO  o.e.m.c.i.e.AbstractTransferListenerAdapter - Downloading https://repo.maven.apache.org/maven2/junit/junit/3.8.1/junit-3.8.1.jar
2025-08-30 00:35:11,059 [Worker-13: Creating maven-archetype-quickstart] INFO  o.e.m.c.i.e.AbstractTransferListenerAdapter - Downloaded https://repo.maven.apache.org/maven2/junit/junit/3.8.1/junit-3.8.1.jar
2025-08-30 00:35:11,171 [Worker-13: Creating maven-archetype-quickstart] INFO  o.e.m.c.i.e.AbstractTransferListenerAdapter - Downloading https://repo.maven.apache.org/maven2/org/apache/maven/plugins/maven-surefire-plugin/3.1.2/maven-surefire-plugin-3.1.2.pom
2025-08-30 00:35:11,234 [Worker-13: Creating maven-archetype-quickstart] INFO  o.e.m.c.i.e.AbstractTransferListenerAdapter - Downloaded https://repo.maven.apache.org/maven2/org/apache/maven/plugins/maven-surefire-plugin/3.1.2/maven-surefire-plugin-3.1.2.pom
2025-08-30 00:35:11,300 [Worker-13: Creating maven-archetype-quickstart] INFO  o.e.m.c.i.e.AbstractTransferListenerAdapter - Downloading https://repo.maven.apache.org/maven2/org/apache/maven/surefire/surefire/3.1.2/surefire-3.1.2.pom
2025-08-30 00:35:11,375 [Worker-13: Creating maven-archetype-quickstart] INFO  o.e.m.c.i.e.AbstractTransferListenerAdapter - Downloaded https://repo.maven.apache.org/maven2/org/apache/maven/surefire/surefire/3.1.2/surefire-3.1.2.pom
2025-08-30 00:35:14,095 [Worker-13: Creating maven-archetype-quickstart] INFO  o.e.m.j.i.AbstractJavaProjectConfigurator - Adding source folder /kafka-faraz/src/main/java
2025-08-30 00:35:14,096 [Worker-13: Creating maven-archetype-quickstart] INFO  o.e.m.j.i.AbstractJavaProjectConfigurator - Adding resource folder /kafka-faraz/src/main/resources
2025-08-30 00:35:14,119 [Worker-13: Creating maven-archetype-quickstart] INFO  o.e.m.j.i.AbstractJavaProjectConfigurator - Adding source folder /kafka-faraz/src/test/java
2025-08-30 00:35:14,121 [Worker-13: Creating maven-archetype-quickstart] INFO  o.e.m.j.i.AbstractJavaProjectConfigurator - Adding resource folder /kafka-faraz/src/test/resources
2025-08-30 00:35:14,476 [Worker-13: Creating maven-archetype-quickstart] INFO  o.e.m.c.i.p.ProjectConfigurationManager - Imported and configured 1 project(s) in 7 sec
2025-08-30 00:35:14,682 [Worker-8: Download sources and javadoc] INFO  o.e.m.c.i.e.AbstractTransferListenerAdapter - Downloading https://repo.maven.apache.org/maven2/junit/junit/3.8.1/junit-3.8.1-sources.jar
2025-08-30 00:35:14,806 [Worker-8: Download sources and javadoc] INFO  o.e.m.c.i.e.AbstractTransferListenerAdapter - Downloaded https://repo.maven.apache.org/maven2/junit/junit/3.8.1/junit-3.8.1-sources.jar
2025-08-30 00:35:14,881 [Worker-8: Download sources and javadoc] INFO  o.e.m.j.internal.DownloadSourcesJob - Downloaded sources for junit:junit:3.8.1
2025-08-30 00:35:16,939 [Worker-1: Building] INFO  o.a.m.s.f.DefaultMavenResourcesFiltering - skip non existing resourceDirectory C:\Users\Faraz Java\Documents\Kafka_Project\kafka-faraz\src\main\resources
2025-08-30 00:35:16,949 [Worker-1: Building] INFO  o.a.m.s.f.DefaultMavenResourcesFiltering - skip non existing resourceDirectory C:\Users\Faraz Java\Documents\Kafka_Project\kafka-faraz\src\test\resources
2025-08-30 00:36:37,393 [Worker-1: Updating Maven Project] INFO  o.e.m.c.i.p.ProjectConfigurationManager - Update started
2025-08-30 00:36:38,198 [Worker-1: Updating Maven Project] INFO  o.e.m.c.i.l.LifecycleMappingFactory - Using org.eclipse.m2e.jdt.JarLifecycleMapping lifecycle mapping for MavenProject: com.example.kafka:kafka-faraz:0.0.1-SNAPSHOT @ C:\Users\Faraz Java\Documents\Kafka_Project\kafka-faraz\pom.xml.
2025-08-30 00:36:38,481 [Worker-1: Updating Maven Project] INFO  o.e.m.j.i.AbstractJavaProjectConfigurator - Adding source folder /kafka-faraz/src/main/java
2025-08-30 00:36:38,482 [Worker-1: Updating Maven Project] INFO  o.e.m.j.i.AbstractJavaProjectConfigurator - Adding resource folder /kafka-faraz/src/main/resources
2025-08-30 00:36:38,484 [Worker-1: Updating Maven Project] INFO  o.e.m.j.i.AbstractJavaProjectConfigurator - Adding source folder /kafka-faraz/src/test/java
2025-08-30 00:36:38,484 [Worker-1: Updating Maven Project] INFO  o.e.m.j.i.AbstractJavaProjectConfigurator - Adding resource folder /kafka-faraz/src/test/resources
2025-08-30 00:36:38,701 [Worker-1: Updating Maven Project] INFO  o.e.m.c.i.p.ProjectConfigurationManager - Update completed for 1 poms: local refresh takes 0.00 sec, refresh facades takes 0.00 sec, update config takes 0.00 sec 
2025-08-30 00:36:38,945 [Worker-4: Building] INFO  o.a.m.s.f.DefaultMavenResourcesFiltering - skip non existing resourceDirectory C:\Users\Faraz Java\Documents\Kafka_Project\kafka-faraz\src\main\resources
2025-08-30 00:36:38,956 [Worker-4: Building] INFO  o.a.m.s.f.DefaultMavenResourcesFiltering - skip non existing resourceDirectory C:\Users\Faraz Java\Documents\Kafka_Project\kafka-faraz\src\test\resources
2025-08-30 00:37:48,846 [Worker-10: Building] INFO  o.e.m.c.i.l.LifecycleMappingFactory - Using org.eclipse.m2e.jdt.JarLifecycleMapping lifecycle mapping for MavenProject: com.example.kafka:kafka-faraz:0.0.1-SNAPSHOT @ C:\Users\Faraz Java\Documents\Kafka_Project\kafka-demo\pom.xml.
2025-08-30 00:37:49,276 [Worker-10: Building] INFO  o.e.m.c.i.e.AbstractTransferListenerAdapter - Downloading https://repo.maven.apache.org/maven2/org/apache/kafka/kafka-clients/3.7.0/kafka-clients-3.7.0.pom
2025-08-30 00:37:49,341 [Worker-10: Building] INFO  o.e.m.c.i.e.AbstractTransferListenerAdapter - Downloaded https://repo.maven.apache.org/maven2/org/apache/kafka/kafka-clients/3.7.0/kafka-clients-3.7.0.pom
2025-08-30 00:37:49,369 [Worker-10: Building] INFO  o.e.m.c.i.e.AbstractTransferListenerAdapter - Downloading https://repo.maven.apache.org/maven2/com/github/luben/zstd-jni/1.5.5-6/zstd-jni-1.5.5-6.pom
2025-08-30 00:37:49,470 [Worker-10: Building] INFO  o.e.m.c.i.e.AbstractTransferListenerAdapter - Downloaded https://repo.maven.apache.org/maven2/com/github/luben/zstd-jni/1.5.5-6/zstd-jni-1.5.5-6.pom
2025-08-30 00:37:49,504 [Worker-10: Building] INFO  o.e.m.c.i.e.AbstractTransferListenerAdapter - Downloading https://repo.maven.apache.org/maven2/org/lz4/lz4-java/1.8.0/lz4-java-1.8.0.pom
2025-08-30 00:37:49,542 [Worker-10: Building] INFO  o.e.m.c.i.e.AbstractTransferListenerAdapter - Downloaded https://repo.maven.apache.org/maven2/org/lz4/lz4-java/1.8.0/lz4-java-1.8.0.pom
2025-08-30 00:37:49,575 [Worker-10: Building] INFO  o.e.m.c.i.e.AbstractTransferListenerAdapter - Downloading https://repo.maven.apache.org/maven2/org/xerial/snappy/snappy-java/1.1.10.5/snappy-java-1.1.10.5.pom
2025-08-30 00:37:49,631 [Worker-10: Building] INFO  o.e.m.c.i.e.AbstractTransferListenerAdapter - Downloaded https://repo.maven.apache.org/maven2/org/xerial/snappy/snappy-java/1.1.10.5/snappy-java-1.1.10.5.pom
2025-08-30 00:37:49,690 [Worker-10: Building] INFO  o.e.m.c.i.e.AbstractTransferListenerAdapter - Downloading https://repo.maven.apache.org/maven2/org/slf4j/slf4j-simple/2.0.9/slf4j-simple-2.0.9.pom
2025-08-30 00:37:49,839 [Worker-10: Building] INFO  o.e.m.c.i.e.AbstractTransferListenerAdapter - Downloaded https://repo.maven.apache.org/maven2/org/slf4j/slf4j-simple/2.0.9/slf4j-simple-2.0.9.pom
2025-08-30 00:37:49,922 [AetherRepositoryConnector-repo.maven.apache.org-0-0] INFO  o.e.m.c.i.e.AbstractTransferListenerAdapter - Downloading https://repo.maven.apache.org/maven2/org/apache/kafka/kafka-clients/3.7.0/kafka-clients-3.7.0.jar
2025-08-30 00:37:49,951 [AetherRepositoryConnector-repo.maven.apache.org-0-4] INFO  o.e.m.c.i.e.AbstractTransferListenerAdapter - Downloading https://repo.maven.apache.org/maven2/org/slf4j/slf4j-simple/2.0.9/slf4j-simple-2.0.9.jar
2025-08-30 00:37:49,951 [AetherRepositoryConnector-repo.maven.apache.org-0-1] INFO  o.e.m.c.i.e.AbstractTransferListenerAdapter - Downloading https://repo.maven.apache.org/maven2/com/github/luben/zstd-jni/1.5.5-6/zstd-jni-1.5.5-6.jar
2025-08-30 00:37:49,952 [AetherRepositoryConnector-repo.maven.apache.org-0-3] INFO  o.e.m.c.i.e.AbstractTransferListenerAdapter - Downloading https://repo.maven.apache.org/maven2/org/xerial/snappy/snappy-java/1.1.10.5/snappy-java-1.1.10.5.jar
2025-08-30 00:37:49,953 [AetherRepositoryConnector-repo.maven.apache.org-0-2] INFO  o.e.m.c.i.e.AbstractTransferListenerAdapter - Downloading https://repo.maven.apache.org/maven2/org/lz4/lz4-java/1.8.0/lz4-java-1.8.0.jar
2025-08-30 00:37:50,372 [AetherRepositoryConnector-repo.maven.apache.org-0-4] INFO  o.e.m.c.i.e.AbstractTransferListenerAdapter - Downloaded https://repo.maven.apache.org/maven2/org/slf4j/slf4j-simple/2.0.9/slf4j-simple-2.0.9.jar
2025-08-30 00:37:51,063 [AetherRepositoryConnector-repo.maven.apache.org-0-2] INFO  o.e.m.c.i.e.AbstractTransferListenerAdapter - Downloaded https://repo.maven.apache.org/maven2/org/lz4/lz4-java/1.8.0/lz4-java-1.8.0.jar
2025-08-30 00:37:52,360 [AetherRepositoryConnector-repo.maven.apache.org-0-3] INFO  o.e.m.c.i.e.AbstractTransferListenerAdapter - Downloaded https://repo.maven.apache.org/maven2/org/xerial/snappy/snappy-java/1.1.10.5/snappy-java-1.1.10.5.jar
2025-08-30 00:37:53,288 [AetherRepositoryConnector-repo.maven.apache.org-0-1] INFO  o.e.m.c.i.e.AbstractTransferListenerAdapter - Downloaded https://repo.maven.apache.org/maven2/com/github/luben/zstd-jni/1.5.5-6/zstd-jni-1.5.5-6.jar
2025-08-30 00:37:53,588 [AetherRepositoryConnector-repo.maven.apache.org-0-0] INFO  o.e.m.c.i.e.AbstractTransferListenerAdapter - Downloaded https://repo.maven.apache.org/maven2/org/apache/kafka/kafka-clients/3.7.0/kafka-clients-3.7.0.jar
2025-08-30 00:37:55,129 [Worker-10: Building] INFO  o.a.m.s.f.DefaultMavenResourcesFiltering - skip non existing resourceDirectory C:\Users\Faraz Java\Documents\Kafka_Project\kafka-demo\src\main\resources
2025-08-30 00:37:55,138 [Worker-10: Building] INFO  o.a.m.s.f.DefaultMavenResourcesFiltering - skip non existing resourceDirectory C:\Users\Faraz Java\Documents\Kafka_Project\kafka-demo\src\test\resources
2025-08-30 00:37:55,689 [Worker-4: Download sources and javadoc] INFO  o.e.m.c.i.e.AbstractTransferListenerAdapter - Downloading https://repo.maven.apache.org/maven2/org/apache/kafka/kafka-clients/3.7.0/kafka-clients-3.7.0-sources.jar
2025-08-30 00:37:56,506 [Worker-4: Download sources and javadoc] INFO  o.e.m.c.i.e.AbstractTransferListenerAdapter - Downloaded https://repo.maven.apache.org/maven2/org/apache/kafka/kafka-clients/3.7.0/kafka-clients-3.7.0-sources.jar
2025-08-30 00:37:56,525 [Worker-4: Download sources and javadoc] INFO  o.e.m.j.internal.DownloadSourcesJob - Downloaded sources for org.apache.kafka:kafka-clients:3.7.0
2025-08-30 00:37:56,846 [Worker-4: Download sources and javadoc] INFO  o.e.m.c.i.e.AbstractTransferListenerAdapter - Downloading https://repo.maven.apache.org/maven2/com/github/luben/zstd-jni/1.5.5-6/zstd-jni-1.5.5-6-sources.jar
2025-08-30 00:37:57,646 [Worker-4: Download sources and javadoc] INFO  o.e.m.c.i.e.AbstractTransferListenerAdapter - Downloaded https://repo.maven.apache.org/maven2/com/github/luben/zstd-jni/1.5.5-6/zstd-jni-1.5.5-6-sources.jar
2025-08-30 00:37:57,653 [Worker-4: Download sources and javadoc] INFO  o.e.m.j.internal.DownloadSourcesJob - Downloaded sources for com.github.luben:zstd-jni:1.5.5-6
2025-08-30 00:37:57,729 [Worker-4: Download sources and javadoc] INFO  o.e.m.c.i.e.AbstractTransferListenerAdapter - Downloading https://repo.maven.apache.org/maven2/org/lz4/lz4-java/1.8.0/lz4-java-1.8.0-sources.jar
2025-08-30 00:37:57,811 [Worker-4: Download sources and javadoc] INFO  o.e.m.c.i.e.AbstractTransferListenerAdapter - Downloaded https://repo.maven.apache.org/maven2/org/lz4/lz4-java/1.8.0/lz4-java-1.8.0-sources.jar
2025-08-30 00:37:57,820 [Worker-4: Download sources and javadoc] INFO  o.e.m.j.internal.DownloadSourcesJob - Downloaded sources for org.lz4:lz4-java:1.8.0
2025-08-30 00:37:57,893 [Worker-4: Download sources and javadoc] INFO  o.e.m.c.i.e.AbstractTransferListenerAdapter - Downloading https://repo.maven.apache.org/maven2/org/xerial/snappy/snappy-java/1.1.10.5/snappy-java-1.1.10.5-sources.jar
2025-08-30 00:37:58,110 [Worker-4: Download sources and javadoc] INFO  o.e.m.c.i.e.AbstractTransferListenerAdapter - Downloaded https://repo.maven.apache.org/maven2/org/xerial/snappy/snappy-java/1.1.10.5/snappy-java-1.1.10.5-sources.jar
2025-08-30 00:37:58,128 [Worker-4: Download sources and javadoc] INFO  o.e.m.j.internal.DownloadSourcesJob - Downloaded sources for org.xerial.snappy:snappy-java:1.1.10.5
2025-08-30 00:37:58,226 [Worker-4: Download sources and javadoc] INFO  o.e.m.c.i.e.AbstractTransferListenerAdapter - Downloading https://repo.maven.apache.org/maven2/org/slf4j/slf4j-api/1.7.36/slf4j-api-1.7.36-sources.jar
2025-08-30 00:37:58,295 [Worker-4: Download sources and javadoc] INFO  o.e.m.c.i.e.AbstractTransferListenerAdapter - Downloaded https://repo.maven.apache.org/maven2/org/slf4j/slf4j-api/1.7.36/slf4j-api-1.7.36-sources.jar
2025-08-30 00:37:58,302 [Worker-4: Download sources and javadoc] INFO  o.e.m.j.internal.DownloadSourcesJob - Downloaded sources for org.slf4j:slf4j-api:1.7.36
2025-08-30 00:37:58,388 [Worker-4: Download sources and javadoc] INFO  o.e.m.c.i.e.AbstractTransferListenerAdapter - Downloading https://repo.maven.apache.org/maven2/org/slf4j/slf4j-simple/2.0.9/slf4j-simple-2.0.9-sources.jar
2025-08-30 00:37:58,849 [Worker-4: Download sources and javadoc] INFO  o.e.m.c.i.e.AbstractTransferListenerAdapter - Downloaded https://repo.maven.apache.org/maven2/org/slf4j/slf4j-simple/2.0.9/slf4j-simple-2.0.9-sources.jar
2025-08-30 00:37:58,859 [Worker-4: Download sources and javadoc] INFO  o.e.m.j.internal.DownloadSourcesJob - Downloaded sources for org.slf4j:slf4j-simple:2.0.9
2025-08-30 00:39:54,042 [Worker-7: Building] INFO  o.a.m.s.f.DefaultMavenResourcesFiltering - skip non existing resourceDirectory C:\Users\Faraz Java\Documents\Kafka_Project\kafka-demo\src\main\resources
2025-08-30 00:39:54,051 [Worker-7: Building] INFO  o.a.m.s.f.DefaultMavenResourcesFiltering - skip non existing resourceDirectory C:\Users\Faraz Java\Documents\Kafka_Project\kafka-demo\src\test\resources
2025-08-30 00:40:42,314 [Worker-2: Building] INFO  o.a.m.s.f.DefaultMavenResourcesFiltering - skip non existing resourceDirectory C:\Users\Faraz Java\Documents\Kafka_Project\kafka-demo\src\main\resources
2025-08-30 00:40:42,319 [Worker-2: Building] INFO  o.a.m.s.f.DefaultMavenResourcesFiltering - skip non existing resourceDirectory C:\Users\Faraz Java\Documents\Kafka_Project\kafka-demo\src\test\resources
2025-08-30 00:41:19,953 [Worker-4: Building] INFO  o.a.m.s.f.DefaultMavenResourcesFiltering - skip non existing resourceDirectory C:\Users\Faraz Java\Documents\Kafka_Project\kafka-demo\src\main\resources
2025-08-30 00:41:19,957 [Worker-4: Building] INFO  o.a.m.s.f.DefaultMavenResourcesFiltering - skip non existing resourceDirectory C:\Users\Faraz Java\Documents\Kafka_Project\kafka-demo\src\test\resources
2025-08-30 00:41:39,121 [Worker-10: Building] INFO  o.a.m.s.f.DefaultMavenResourcesFiltering - skip non existing resourceDirectory C:\Users\Faraz Java\Documents\Kafka_Project\kafka-demo\src\main\resources
2025-08-30 00:41:39,126 [Worker-10: Building] INFO  o.a.m.s.f.DefaultMavenResourcesFiltering - skip non existing resourceDirectory C:\Users\Faraz Java\Documents\Kafka_Project\kafka-demo\src\test\resources
